<?xml version="1.0" encoding="UTF-8"?>
<testng-results skipped="0" failed="0" ignored="0" total="2" passed="2">
  <reporter-output>
  </reporter-output>
  <suite name="Suite" duration-ms="31747" started-at="2020-10-17T17:00:19 BDT" finished-at="2020-10-17T17:00:51 BDT">
    <groups>
    </groups>
    <test name="Test in Chrome" duration-ms="17432" started-at="2020-10-17T17:00:19 BDT" finished-at="2020-10-17T17:00:37 BDT">
      <class name="com.TestCases.Login_TC1">
        <test-method status="PASS" signature="browser_Config(java.lang.String)[pri:0, instance:com.TestCases.Login_TC1@27f723]" name="browser_Config" is-config="true" duration-ms="4769" started-at="2020-10-17T17:00:20 BDT" finished-at="2020-10-17T17:00:25 BDT">
          <params>
            <param index="0">
              <value>
                <![CDATA[chrome]]>
              </value>
            </param>
          </params>
          <reporter-output>
          </reporter-output>
        </test-method> <!-- browser_Config -->
        <test-method status="PASS" signature="LoginTest()[pri:0, instance:com.TestCases.Login_TC1@27f723]" name="LoginTest" duration-ms="11311" started-at="2020-10-17T17:00:25 BDT" description="Login test with Valid emial and valid password" finished-at="2020-10-17T17:00:36 BDT">
          <reporter-output>
          </reporter-output>
        </test-method> <!-- LoginTest -->
        <test-method status="PASS" signature="closeTest()[pri:0, instance:com.TestCases.Login_TC1@27f723]" name="closeTest" is-config="true" duration-ms="1094" started-at="2020-10-17T17:00:36 BDT" finished-at="2020-10-17T17:00:37 BDT">
          <reporter-output>
          </reporter-output>
        </test-method> <!-- closeTest -->
      </class> <!-- com.TestCases.Login_TC1 -->
    </test> <!-- Test in Chrome -->
    <test name="Test in Firefox" duration-ms="13992" started-at="2020-10-17T17:00:37 BDT" finished-at="2020-10-17T17:00:51 BDT">
      <class name="com.TestCases.Login_TC2">
        <test-method status="PASS" signature="browser_Config(java.lang.String)[pri:0, instance:com.TestCases.Login_TC2@33723e30]" name="browser_Config" is-config="true" duration-ms="4407" started-at="2020-10-17T17:00:37 BDT" finished-at="2020-10-17T17:00:42 BDT">
          <params>
            <param index="0">
              <value>
                <![CDATA[firefox]]>
              </value>
            </param>
          </params>
          <reporter-output>
          </reporter-output>
        </test-method> <!-- browser_Config -->
        <test-method status="PASS" signature="LoginTest()[pri:0, instance:com.TestCases.Login_TC2@33723e30]" name="LoginTest" duration-ms="6907" started-at="2020-10-17T17:00:42 BDT" description="Login test with inValid emial and invalid password" finished-at="2020-10-17T17:00:49 BDT">
          <reporter-output>
          </reporter-output>
        </test-method> <!-- LoginTest -->
        <test-method status="PASS" signature="closeTest()[pri:0, instance:com.TestCases.Login_TC2@33723e30]" name="closeTest" is-config="true" duration-ms="2669" started-at="2020-10-17T17:00:49 BDT" finished-at="2020-10-17T17:00:51 BDT">
          <reporter-output>
          </reporter-output>
        </test-method> <!-- closeTest -->
      </class> <!-- com.TestCases.Login_TC2 -->
    </test> <!-- Test in Firefox -->
  </suite> <!-- Suite -->
</testng-results>
